C51 COMPILER V9.60.0.0   TEMPC                                                             11/15/2022 21:48:31 PAGE 1   


C51 COMPILER V9.60.0.0, COMPILATION OF MODULE TEMPC
OBJECT MODULE PLACED IN .\Objects\tempc.obj
COMPILER INVOKED BY: C:\Keil_v5\C51\BIN\C51.EXE tempc.c OPTIMIZE(8,SPEED) BROWSE DEBUG OBJECTEXTEND PRINT(.\Listings\tem
                    -pc.lst) TABS(2) OBJECT(.\Objects\tempc.obj)

line level    source

   1          #include <REGX51.H>
   2          #include "timer.h"
   3          #include "input0.h"
   4          #include "display0.h"
   5          //#include "input1.h"
   6          //#include "display1.h"
   7          
   8          char mode = 0;
   9          char tempRI;
  10          
  11          void mode0(void) {
  12   1        
  13   1      }
  14          
  15          void mode1(void) {
  16   1        
  17   1      }
  18          
  19          void mode2(void) {
  20   1        
  21   1      }
  22          
  23          void mode3(void) {
  24   1        
  25   1      }
  26          
  27          
  28          void timer0_isr(void) interrupt 1 {
  29   1        /*
  30   1        static char offset = 0;
  31   1        
  32   1        TH0 = t0_val / 256;
  33   1        TL0 = t0_val % 256;
  34   1      
  35   1        if (++offset == 10) {
  36   1          offset = 0;
  37   1          
  38   1        }
  39   1        */
  40   1        
  41   1        /*
  42   1        TH0 = t0_val / 256;
  43   1        TL0 = t0_val % 256;
  44   1        
  45   1        if (++time.milli == 1000) {
  46   1          time.milli = 0;
  47   1          if (++time.second == 60) {
  48   1            time.second = 0;
  49   1            if (++time.minute == 60) {
  50   1              time.minute = 0;
  51   1              if (++time.hour == 24) {
  52   1                time.hour = 0;
  53   1              }
  54   1            }
C51 COMPILER V9.60.0.0   TEMPC                                                             11/15/2022 21:48:31 PAGE 2   

  55   1          }
  56   1        }
  57   1        */
  58   1      }
  59          
  60          void int1_isr(void) interrupt 2 {
  61   1        
  62   1      }
  63          
  64          void uart_isr(void) interrupt 4 {
  65   1        if (RI) {
  66   2          
  67   2          //tempRI = SBUF;
  68   2          //SBUF = tempRI;
  69   2      
  70   2          RI = 0;    
  71   2        } else if (TI) {
  72   2          
  73   2          
  74   2          TI = 0;
  75   2        }
  76   1        
  77   1      }
  78          
  79          void loop(void) {
  80   1        button_loop();
  81   1        switch_loop();
  82   1        display0_loop();
  83   1        //keyboard_loop();
  84   1        //display1_loop();
  85   1        
  86   1        switch (mode) {
  87   2          case 0: mode0(); break;
  88   2          case 1: mode1(); break;
  89   2          case 2: mode2(); break;
  90   2          case 3: mode3(); break;
  91   2        }
  92   1      }
  93          
  94          void setup(void) {
  95   1        button_init();
  96   1        switch_init();
  97   1        display0_init();
  98   1        //display1_init();
  99   1        
 100   1        //int1_init();
 101   1        //timer0_init(1, (65536 - 46080), 0);
 102   1        //uart_init(9600);
 103   1        
 104   1        //led = L7S_T[0];
 105   1      }
 106          
 107          void main(void) {
 108   1        setup();
 109   1        while (1) loop();
 110   1      }


MODULE INFORMATION:   STATIC OVERLAYABLE
   CODE SIZE        =    362    ----
   CONSTANT SIZE    =   ----    ----
   XDATA SIZE       =   ----    ----
C51 COMPILER V9.60.0.0   TEMPC                                                             11/15/2022 21:48:31 PAGE 3   

   PDATA SIZE       =   ----    ----
   DATA SIZE        =     38    ----
   IDATA SIZE       =   ----    ----
   BIT SIZE         =   ----    ----
END OF MODULE INFORMATION.


C51 COMPILATION COMPLETE.  0 WARNING(S),  0 ERROR(S)
